::1 - - [29/Mar/2025:22:26:15 +0000] "GET /admin/produkte/ HTTP/1.1" 200 2783
::1 - - [29/Mar/2025:22:26:15 +0000] "GET /assets/global/global.css HTTP/1.1" 200 5287
::1 - - [29/Mar/2025:22:26:15 +0000] "GET /admin/produkte/styles.css HTTP/1.1" 200 759
::1 - - [29/Mar/2025:22:26:15 +0000] "GET /admin/style.css HTTP/1.1" 200 1684
::1 - - [29/Mar/2025:22:26:15 +0000] "GET /assets/global/global.js HTTP/1.1" 200 7233
::1 - - [29/Mar/2025:22:26:15 +0000] "GET /assets/global/variables.css HTTP/1.1" 200 476
::1 - - [29/Mar/2025:22:26:15 +0000] "GET /admin/produkte/script.js HTTP/1.1" 200 16209
::1 - - [29/Mar/2025:22:26:15 +0000] "GET /api/admin/products/get HTTP/1.1" 200 578
::1 - - [29/Mar/2025:22:26:15 +0000] "GET /templates/footer.html HTTP/1.1" 200 207
::1 - - [29/Mar/2025:22:26:15 +0000] "GET /favicon.ico HTTP/1.1" 308 65
::1 - - [29/Mar/2025:22:26:15 +0000] "GET /assets/icons/favicon-dark.svg HTTP/1.1" 200 5074
::1 - - [29/Mar/2025:22:26:15 +0000] "GET /templates/navbar.html HTTP/1.1" 200 920
::1 - - [29/Mar/2025:22:26:15 +0000] "GET /api/product/0/image/get HTTP/1.1" 200 1483820
::1 - - [29/Mar/2025:22:26:15 +0000] "GET /api/cookies HTTP/1.1" 200 -
::1 - - [29/Mar/2025:22:26:15 +0000] "GET /api/product/stats/0 HTTP/1.1" 200 229
::1 - - [29/Mar/2025:22:26:15 +0000] "GET /api/product/1/image/get HTTP/1.1" 200 1140277
::1 - - [29/Mar/2025:22:26:15 +0000] "GET /api/product/stats/1 HTTP/1.1" 200 224
::1 - - [29/Mar/2025:22:26:15 +0000] "GET /api/product/0/image/get HTTP/1.1" 200 1483820
::1 - - [29/Mar/2025:22:26:15 +0000] "GET /api/product/1/image/get HTTP/1.1" 200 1140277
::1 - - [29/Mar/2025:22:26:16 +0000] "GET /api/product/1/image/get HTTP/1.1" 304 -
::1 - - [29/Mar/2025:22:31:08 +0000] "GET /admin/produkte/ HTTP/1.1" 200 2783
::1 - - [29/Mar/2025:22:31:08 +0000] "GET /assets/global/global.css HTTP/1.1" 200 5287
::1 - - [29/Mar/2025:22:31:08 +0000] "GET /admin/produkte/styles.css HTTP/1.1" 200 759
::1 - - [29/Mar/2025:22:31:08 +0000] "GET /admin/style.css HTTP/1.1" 200 1684
::1 - - [29/Mar/2025:22:31:08 +0000] "GET /assets/global/global.js HTTP/1.1" 200 7233
::1 - - [29/Mar/2025:22:31:08 +0000] "GET /assets/global/variables.css HTTP/1.1" 200 476
::1 - - [29/Mar/2025:22:31:08 +0000] "GET /admin/produkte/script.js HTTP/1.1" 200 16209
::1 - - [29/Mar/2025:22:31:08 +0000] "GET /api/admin/products/get HTTP/1.1" 200 578
::1 - - [29/Mar/2025:22:31:08 +0000] "GET /templates/footer.html HTTP/1.1" 200 207
::1 - - [29/Mar/2025:22:31:08 +0000] "GET /favicon.ico HTTP/1.1" 308 65
::1 - - [29/Mar/2025:22:31:08 +0000] "GET /templates/navbar.html HTTP/1.1" 200 920
::1 - - [29/Mar/2025:22:31:08 +0000] "GET /assets/icons/favicon-dark.svg HTTP/1.1" 200 5074
::1 - - [29/Mar/2025:22:31:08 +0000] "GET /api/product/0/image/get HTTP/1.1" 200 1483820
::1 - - [29/Mar/2025:22:31:08 +0000] "GET /api/cookies HTTP/1.1" 200 -
::1 - - [29/Mar/2025:22:31:08 +0000] "GET /api/product/stats/0 HTTP/1.1" 200 229
::1 - - [29/Mar/2025:22:31:08 +0000] "GET /api/product/1/image/get HTTP/1.1" 200 1140277
::1 - - [29/Mar/2025:22:31:08 +0000] "GET /api/product/stats/1 HTTP/1.1" 200 224
::1 - - [29/Mar/2025:22:31:08 +0000] "GET /api/product/0/image/get HTTP/1.1" 200 1483820
::1 - - [29/Mar/2025:22:31:08 +0000] "GET /api/product/1/image/get HTTP/1.1" 200 1140277
::1 - - [29/Mar/2025:22:31:08 +0000] "GET /api/product/1/image/get HTTP/1.1" 304 -
::1 - - [29/Mar/2025:22:31:16 +0000] "GET /admin/ HTTP/1.1" 200 934
::1 - - [29/Mar/2025:22:31:16 +0000] "GET /assets/global/global.css HTTP/1.1" 200 5287
::1 - - [29/Mar/2025:22:31:16 +0000] "GET /admin/style.css HTTP/1.1" 200 1684
::1 - - [29/Mar/2025:22:31:16 +0000] "GET /assets/global/global.js HTTP/1.1" 200 7233
::1 - - [29/Mar/2025:22:31:16 +0000] "GET /assets/global/variables.css HTTP/1.1" 200 476
::1 - - [29/Mar/2025:22:31:16 +0000] "GET /templates/footer.html HTTP/1.1" 200 207
::1 - - [29/Mar/2025:22:31:16 +0000] "GET /templates/navbar.html HTTP/1.1" 200 920
::1 - - [29/Mar/2025:22:31:16 +0000] "GET /api/cookies HTTP/1.1" 200 -
::1 - - [29/Mar/2025:22:31:18 +0000] "GET /admin/kontaktanfragen/ HTTP/1.1" 200 2649
::1 - - [29/Mar/2025:22:31:18 +0000] "GET /assets/global/global.css HTTP/1.1" 200 5287
::1 - - [29/Mar/2025:22:31:18 +0000] "GET /admin/style.css HTTP/1.1" 200 1684
::1 - - [29/Mar/2025:22:31:18 +0000] "GET /assets/global/global.js HTTP/1.1" 200 7233
::1 - - [29/Mar/2025:22:31:18 +0000] "GET /assets/global/variables.css HTTP/1.1" 200 476
::1 - - [29/Mar/2025:22:31:18 +0000] "GET /admin/kontaktanfragen/script.js HTTP/1.1" 200 10225
::1 - - [29/Mar/2025:22:31:19 +0000] "GET /api/admin/contact/get HTTP/1.1" 200 1310
::1 - - [29/Mar/2025:22:31:19 +0000] "GET /templates/footer.html HTTP/1.1" 200 207
::1 - - [29/Mar/2025:22:31:19 +0000] "GET /assets/icons/trash.svg HTTP/1.1" 200 527
::1 - - [29/Mar/2025:22:31:19 +0000] "GET /templates/navbar.html HTTP/1.1" 200 920
::1 - - [29/Mar/2025:22:31:19 +0000] "GET /api/cookies HTTP/1.1" 200 -
::1 - - [29/Mar/2025:22:32:07 +0000] "GET /index/ HTTP/1.1" 304 -
::1 - - [29/Mar/2025:22:32:07 +0000] "GET /assets/global/global.css HTTP/1.1" 304 -
::1 - - [29/Mar/2025:22:32:07 +0000] "GET /assets/global/global.js HTTP/1.1" 304 -
::1 - - [29/Mar/2025:22:32:07 +0000] "GET /index/style.css HTTP/1.1" 304 -
::1 - - [29/Mar/2025:22:32:07 +0000] "GET /assets/icons/star-filled.svg HTTP/1.1" 304 -
::1 - - [29/Mar/2025:22:32:07 +0000] "GET /assets/icons/logo.svg HTTP/1.1" 304 -
::1 - - [29/Mar/2025:22:32:07 +0000] "GET /assets/global/variables.css HTTP/1.1" 304 -
::1 - - [29/Mar/2025:22:32:07 +0000] "GET /index/script.js HTTP/1.1" 200 1596
::1 - - [29/Mar/2025:22:32:07 +0000] "GET /templates/footer.html HTTP/1.1" 304 -
::1 - - [29/Mar/2025:22:32:07 +0000] "GET /templates/navbar.html HTTP/1.1" 304 -
::1 - - [29/Mar/2025:22:32:07 +0000] "GET /api/cookies HTTP/1.1" 200 -
